# JRE version: Java(TM) SE Runtime Environment (8.0_111-b14) (build 1.8.0_111-b14)
# Java VM: Java HotSpot(TM) 64-Bit Server VM (25.111-b14 mixed mode windows-amd64 compressed oops)
Heap:
 PSYoungGen      total 319488K, used 89299K [0x00000000eb400000, 0x0000000100000000, 0x0000000100000000)
  eden space 299008K, 26% used [0x00000000eb400000,0x00000000f01640a0,0x00000000fd800000)
  from space 20480K, 49% used [0x00000000fec00000,0x00000000ff5d0ef0,0x0000000100000000)
  to   space 20480K, 0% used [0x00000000fd800000,0x00000000fd800000,0x00000000fec00000)
 ParOldGen       total 84480K, used 52811K [0x00000000c1c00000, 0x00000000c6e80000, 0x00000000eb400000)
  object space 84480K, 62% used [0x00000000c1c00000,0x00000000c4f92c70,0x00000000c6e80000)
 Metaspace       used 51025K, capacity 53080K, committed 53376K, reserved 1095680K
  class space    used 6948K, capacity 7741K, committed 7808K, reserved 1048576K
GC Heap History (10 events):
Event: 122.042 GC heap before
{Heap before GC invocations=19 (full 1):
 PSYoungGen      total 208896K, used 82098K [0x00000000eb400000, 0x00000000fd980000, 0x0000000100000000)
  eden space 200704K, 36% used [0x00000000eb400000,0x00000000efc332d8,0x00000000f7800000)
  from space 8192K, 99% used [0x00000000f7800000,0x00000000f7ff97c8,0x00000000f8000000)
  to   space 11264K, 0% used [0x00000000fce80000,0x00000000fce80000,0x00000000fd980000)
 ParOldGen       total 31232K, used 20828K [0x00000000c1c00000, 0x00000000c3a80000, 0x00000000eb400000)
  object space 31232K, 66% used [0x00000000c1c00000,0x00000000c3057168,0x00000000c3a80000)
 Metaspace       used 34158K, capacity 35400K, committed 35496K, reserved 1079296K
  class space    used 4563K, capacity 5034K, committed 5120K, reserved 1048576K
Event: 122.055 GC heap after
Heap after GC invocations=19 (full 1):
 PSYoungGen      total 288256K, used 1328K [0x00000000eb400000, 0x00000000fd880000, 0x0000000100000000)
  eden space 278016K, 0% used [0x00000000eb400000,0x00000000eb400000,0x00000000fc380000)
  from space 10240K, 12% used [0x00000000fce80000,0x00000000fcfcc010,0x00000000fd880000)
  to   space 10752K, 0% used [0x00000000fc380000,0x00000000fc380000,0x00000000fce00000)
 ParOldGen       total 31232K, used 27934K [0x00000000c1c00000, 0x00000000c3a80000, 0x00000000eb400000)
  object space 31232K, 89% used [0x00000000c1c00000,0x00000000c37478f8,0x00000000c3a80000)
 Metaspace       used 34158K, capacity 35400K, committed 35496K, reserved 1079296K
  class space    used 4563K, capacity 5034K, committed 5120K, reserved 1048576K
}
Event: 122.061 GC heap before
{Heap before GC invocations=20 (full 2):
 PSYoungGen      total 288256K, used 1328K [0x00000000eb400000, 0x00000000fd880000, 0x0000000100000000)
  eden space 278016K, 0% used [0x00000000eb400000,0x00000000eb400000,0x00000000fc380000)
  from space 10240K, 12% used [0x00000000fce80000,0x00000000fcfcc010,0x00000000fd880000)
  to   space 10752K, 0% used [0x00000000fc380000,0x00000000fc380000,0x00000000fce00000)
 ParOldGen       total 31232K, used 27934K [0x00000000c1c00000, 0x00000000c3a80000, 0x00000000eb400000)
  object space 31232K, 89% used [0x00000000c1c00000,0x00000000c37478f8,0x00000000c3a80000)
 Metaspace       used 34158K, capacity 35400K, committed 35496K, reserved 1079296K
  class space    used 4563K, capacity 5034K, committed 5120K, reserved 1048576K
Event: 122.389 GC heap after
Heap after GC invocations=20 (full 2):
 PSYoungGen      total 288256K, used 0K [0x00000000eb400000, 0x00000000fd880000, 0x0000000100000000)
  eden space 278016K, 0% used [0x00000000eb400000,0x00000000eb400000,0x00000000fc380000)
  from space 10240K, 0% used [0x00000000fce80000,0x00000000fce80000,0x00000000fd880000)
  to   space 10752K, 0% used [0x00000000fc380000,0x00000000fc380000,0x00000000fce00000)
 ParOldGen       total 49152K, used 22936K [0x00000000c1c00000, 0x00000000c4c00000, 0x00000000eb400000)
  object space 49152K, 46% used [0x00000000c1c00000,0x00000000c3266268,0x00000000c4c00000)
 Metaspace       used 33994K, capacity 34930K, committed 35496K, reserved 1079296K
  class space    used 4528K, capacity 4896K, committed 5120K, reserved 1048576K
}
Event: 134.708 GC heap before
{Heap before GC invocations=21 (full 2):
 PSYoungGen      total 288256K, used 278016K [0x00000000eb400000, 0x00000000fd880000, 0x0000000100000000)
  eden space 278016K, 100% used [0x00000000eb400000,0x00000000fc380000,0x00000000fc380000)
  from space 10240K, 0% used [0x00000000fce80000,0x00000000fce80000,0x00000000fd880000)
  to   space 10752K, 0% used [0x00000000fc380000,0x00000000fc380000,0x00000000fce00000)
 ParOldGen       total 49152K, used 22936K [0x00000000c1c00000, 0x00000000c4c00000, 0x00000000eb400000)
  object space 49152K, 46% used [0x00000000c1c00000,0x00000000c3266268,0x00000000c4c00000)
 Metaspace       used 44259K, capacity 45780K, committed 45952K, reserved 1089536K
  class space    used 6074K, capacity 6685K, committed 6784K, reserved 1048576K
Event: 134.749 GC heap after
Heap after GC invocations=21 (full 2):
 PSYoungGen      total 288768K, used 10720K [0x00000000eb400000, 0x0000000100000000, 0x0000000100000000)
  eden space 278016K, 0% used [0x00000000eb400000,0x00000000eb400000,0x00000000fc380000)
  from space 10752K, 99% used [0x00000000fc380000,0x00000000fcdf8010,0x00000000fce00000)
  to   space 20480K, 0% used [0x00000000fec00000,0x00000000fec00000,0x0000000100000000)
 ParOldGen       total 49152K, used 43989K [0x00000000c1c00000, 0x00000000c4c00000, 0x00000000eb400000)
  object space 49152K, 89% used [0x00000000c1c00000,0x00000000c46f54a0,0x00000000c4c00000)
 Metaspace       used 44259K, capacity 45780K, committed 45952K, reserved 1089536K
  class space    used 6074K, capacity 6685K, committed 6784K, reserved 1048576K
}
Event: 134.749 GC heap before
{Heap before GC invocations=22 (full 3):
 PSYoungGen      total 288768K, used 10720K [0x00000000eb400000, 0x0000000100000000, 0x0000000100000000)
  eden space 278016K, 0% used [0x00000000eb400000,0x00000000eb400000,0x00000000fc380000)
  from space 10752K, 99% used [0x00000000fc380000,0x00000000fcdf8010,0x00000000fce00000)
  to   space 20480K, 0% used [0x00000000fec00000,0x00000000fec00000,0x0000000100000000)
 ParOldGen       total 49152K, used 43989K [0x00000000c1c00000, 0x00000000c4c00000, 0x00000000eb400000)
  object space 49152K, 89% used [0x00000000c1c00000,0x00000000c46f54a0,0x00000000c4c00000)
 Metaspace       used 44259K, capacity 45780K, committed 45952K, reserved 1089536K
  class space    used 6074K, capacity 6685K, committed 6784K, reserved 1048576K
Event: 135.320 GC heap after
Heap after GC invocations=22 (full 3):
 PSYoungGen      total 288768K, used 4053K [0x00000000eb400000, 0x0000000100000000, 0x0000000100000000)
  eden space 278016K, 0% used [0x00000000eb400000,0x00000000eb400000,0x00000000fc380000)
  from space 10752K, 37% used [0x00000000fc380000,0x00000000fc775688,0x00000000fce00000)
  to   space 20480K, 0% used [0x00000000fec00000,0x00000000fec00000,0x0000000100000000)
 ParOldGen       total 84480K, used 48709K [0x00000000c1c00000, 0x00000000c6e80000, 0x00000000eb400000)
  object space 84480K, 57% used [0x00000000c1c00000,0x00000000c4b91720,0x00000000c6e80000)
 Metaspace       used 44191K, capacity 45678K, committed 45952K, reserved 1089536K
  class space    used 6063K, capacity 6651K, committed 6784K, reserved 1048576K
}
Event: 143.000 GC heap before
{Heap before GC invocations=23 (full 3):
 PSYoungGen      total 288768K, used 282069K [0x00000000eb400000, 0x0000000100000000, 0x0000000100000000)
  eden space 278016K, 100% used [0x00000000eb400000,0x00000000fc380000,0x00000000fc380000)
  from space 10752K, 37% used [0x00000000fc380000,0x00000000fc775688,0x00000000fce00000)
  to   space 20480K, 0% used [0x00000000fec00000,0x00000000fec00000,0x0000000100000000)
 ParOldGen       total 84480K, used 48709K [0x00000000c1c00000, 0x00000000c6e80000, 0x00000000eb400000)
  object space 84480K, 57% used [0x00000000c1c00000,0x00000000c4b91720,0x00000000c6e80000)
 Metaspace       used 50915K, capacity 52916K, committed 53120K, reserved 1095680K
  class space    used 6937K, capacity 7735K, committed 7808K, reserved 1048576K
Event: 143.050 GC heap after
Heap after GC invocations=23 (full 3):
 PSYoungGen      total 319488K, used 10051K [0x00000000eb400000, 0x0000000100000000, 0x0000000100000000)
  eden space 299008K, 0% used [0x00000000eb400000,0x00000000eb400000,0x00000000fd800000)
  from space 20480K, 49% used [0x00000000fec00000,0x00000000ff5d0ef0,0x0000000100000000)
  to   space 20480K, 0% used [0x00000000fd800000,0x00000000fd800000,0x00000000fec00000)
 ParOldGen       total 84480K, used 52811K [0x00000000c1c00000, 0x00000000c6e80000, 0x00000000eb400000)
  object space 84480K, 62% used [0x00000000c1c00000,0x00000000c4f92c70,0x00000000c6e80000)
 Metaspace       used 50915K, capacity 52916K, committed 53120K, reserved 1095680K
  class space    used 6937K, capacity 7735K, committed 7808K, reserved 1048576K
}

